-------------------------------------------
Batch: 0
-------------------------------------------
+--------------------+-----+
|            customer|score|
+--------------------+-----+
|Jason.Phillips@te...| -9.5|
|Jacob.Olson@test.com|-28.5|
|Jacob.Jackson@tes...|  8.5|
|Travis.Ahmed@test...| -5.5|
|Christina.Mitra@t...| -1.0|
|  Jane.Huey@test.com| -3.0|
|Gail.Aristotle@te...| -3.0|
|Gail.Habschied@te...| -4.0|
|Angie.Doshi@test.com| -3.5|
|  Dan.Smith@test.com| -3.0|
|Danny.Spencer@tes...| -1.5|
|Angie.Phillips@te...| -1.0|
|Larry.Khatib@test...| -2.5|
|Larry.Smith@test.com| -3.0|
| Ben.Harris@test.com|-16.5|
|Jacob.Abram@test.com| 15.0|
|   Jacob.Wu@test.com| 18.0|
|  Lyn.Abram@test.com|-21.5|
|Travis.Harris@tes...| 33.5|
| Sean.Doshi@test.com| -4.0|
+--------------------+-----+
only showing top 20 rows

-------------------------------------------
Batch: 1
-------------------------------------------
+--------------------+-----+
|            customer|score|
+--------------------+-----+
|  Jane.Huey@test.com| -1.5|
|Gail.Aristotle@te...| -3.5|
|Gail.Habschied@te...| -1.5|
|Angie.Doshi@test.com| -0.5|
|  Dan.Smith@test.com| -6.0|
|Danny.Spencer@tes...| -4.0|
+--------------------+-----+

-------------------------------------------
Batch: 2
-------------------------------------------
+--------------------+-----+
|            customer|score|
+--------------------+-----+
|Angie.Phillips@te...| -3.0|
+--------------------+-----+

-------------------------------------------
Batch: 3
-------------------------------------------
+--------------------+-----+
|            customer|score|
+--------------------+-----+
|Larry.Khatib@test...| -2.5|
+--------------------+-----+

-------------------------------------------
Batch: 4
-------------------------------------------
+--------------------+-----+
|            customer|score|
+--------------------+-----+
|Larry.Smith@test.com| -5.0|
+--------------------+-----+

-------------------------------------------
Batch: 5
-------------------------------------------
+-------------------+-----+
|           customer|score|
+-------------------+-----+
|Ben.Harris@test.com| 32.0|
+-------------------+-----+

-------------------------------------------
Batch: 6
-------------------------------------------
+--------------------+-----+
|            customer|score|
+--------------------+-----+
|Jacob.Abram@test.com| -9.0|
+--------------------+-----+

-------------------------------------------
Batch: 7
-------------------------------------------
+-----------------+-----+
|         customer|score|
+-----------------+-----+
|Jacob.Wu@test.com| -4.0|
+-----------------+-----+

-------------------------------------------
Batch: 8
-------------------------------------------
+------------------+-----+
|          customer|score|
+------------------+-----+
|Lyn.Abram@test.com|  4.0|
+------------------+-----+

-------------------------------------------
Batch: 9
-------------------------------------------
+--------------------+-----+
|            customer|score|
+--------------------+-----+
|Travis.Harris@tes...|  3.0|
+--------------------+-----+

-------------------------------------------
Batch: 10
-------------------------------------------
+-------------------+-----+
|           customer|score|
+-------------------+-----+
|Sean.Doshi@test.com| -4.5|
+-------------------+-----+

-------------------------------------------
Batch: 11
-------------------------------------------
+--------------------+-----+
|            customer|score|
+--------------------+-----+
|Jerry.Staples@tes...| 25.5|
+--------------------+-----+

-------------------------------------------
Batch: 12
-------------------------------------------
+--------------------+-----+
|            customer|score|
+--------------------+-----+
|Ashley.Olson@test...|-14.0|
+--------------------+-----+

-------------------------------------------
Batch: 13
-------------------------------------------
+------------------+-----+
|          customer|score|
+------------------+-----+
|Ben.Mitra@test.com|-30.5|
+------------------+-----+

-------------------------------------------
Batch: 14
-------------------------------------------
+--------------------+-----+
|            customer|score|
+--------------------+-----+
|Chris.Davis@test.com| 38.5|
+--------------------+-----+

-------------------------------------------
Batch: 15
-------------------------------------------
+--------------------+-----+
|            customer|score|
+--------------------+-----+
|John.Habschied@te...|  1.5|
+--------------------+-----+

-------------------------------------------
Batch: 16
-------------------------------------------
+--------------------+-----+
|            customer|score|
+--------------------+-----+
|Jason.Phillips@te...|  9.0|
+--------------------+-----+

-------------------------------------------
Batch: 17
-------------------------------------------
+--------------------+-----+
|            customer|score|
+--------------------+-----+
|Jacob.Olson@test.com|  5.0|
+--------------------+-----+

-------------------------------------------
Batch: 18
-------------------------------------------
+--------------------+-----+
|            customer|score|
+--------------------+-----+
|Jacob.Jackson@tes...|  9.0|
+--------------------+-----+

-------------------------------------------
Batch: 19
-------------------------------------------
+--------------------+-----+
|            customer|score|
+--------------------+-----+
|Travis.Ahmed@test...|-24.0|
+--------------------+-----+

-------------------------------------------
Batch: 20
-------------------------------------------
+--------------------+-----+
|            customer|score|
+--------------------+-----+
|Christina.Mitra@t...| -2.0|
+--------------------+-----+

-------------------------------------------
Batch: 21
-------------------------------------------
+------------------+-----+
|          customer|score|
+------------------+-----+
|Jane.Huey@test.com| -3.0|
+------------------+-----+

-------------------------------------------
Batch: 22
-------------------------------------------
+--------------------+-----+
|            customer|score|
+--------------------+-----+
|Gail.Aristotle@te...| -3.5|
+--------------------+-----+

-------------------------------------------
Batch: 23
-------------------------------------------
+--------------------+-----+
|            customer|score|
+--------------------+-----+
|Gail.Habschied@te...| -3.5|
+--------------------+-----+

-------------------------------------------
Batch: 24
-------------------------------------------
+--------------------+-----+
|            customer|score|
+--------------------+-----+
|Angie.Doshi@test.com|  0.0|
+--------------------+-----+

-------------------------------------------
Batch: 25
-------------------------------------------
+------------------+-----+
|          customer|score|
+------------------+-----+
|Dan.Smith@test.com| -4.5|
+------------------+-----+

-------------------------------------------
Batch: 26
-------------------------------------------
+--------------------+-----+
|            customer|score|
+--------------------+-----+
|Danny.Spencer@tes...| -3.0|
+--------------------+-----+

-------------------------------------------
Batch: 27
-------------------------------------------
+--------------------+-----+
|            customer|score|
+--------------------+-----+
|Angie.Phillips@te...| -3.0|
+--------------------+-----+

-------------------------------------------
Batch: 28
-------------------------------------------
+--------------------+-----+
|            customer|score|
+--------------------+-----+
|Larry.Khatib@test...| -1.0|
+--------------------+-----+

-------------------------------------------
Batch: 29
-------------------------------------------
+--------------------+-----+
|            customer|score|
+--------------------+-----+
|Larry.Smith@test.com| -5.5|
+--------------------+-----+

-------------------------------------------
Batch: 30
-------------------------------------------
+-------------------+-----+
|           customer|score|
+-------------------+-----+
|Ben.Harris@test.com|  4.0|
+-------------------+-----+

-------------------------------------------
Batch: 31
-------------------------------------------
+--------------------+-----+
|            customer|score|
+--------------------+-----+
|Jacob.Abram@test.com|  7.0|
+--------------------+-----+

-------------------------------------------
Batch: 32
-------------------------------------------
+-----------------+-----+
|         customer|score|
+-----------------+-----+
|Jacob.Wu@test.com|  1.5|
+-----------------+-----+

-------------------------------------------
Batch: 33
-------------------------------------------
+------------------+-----+
|          customer|score|
+------------------+-----+
|Lyn.Abram@test.com|-28.5|
+------------------+-----+

-------------------------------------------
Batch: 34
-------------------------------------------
+--------------------+-----+
|            customer|score|
+--------------------+-----+
|Travis.Harris@tes...| 15.5|
+--------------------+-----+

-------------------------------------------
Batch: 35
-------------------------------------------
+-------------------+-----+
|           customer|score|
+-------------------+-----+
|Sean.Doshi@test.com|  5.0|
+-------------------+-----+

-------------------------------------------
Batch: 36
-------------------------------------------
+--------------------+-----+
|            customer|score|
+--------------------+-----+
|Jerry.Staples@tes...| 22.5|
+--------------------+-----+

-------------------------------------------
Batch: 37
-------------------------------------------
+--------------------+-----+
|            customer|score|
+--------------------+-----+
|Ashley.Olson@test...| 26.0|
+--------------------+-----+

-------------------------------------------
Batch: 38
-------------------------------------------
+------------------+-----+
|          customer|score|
+------------------+-----+
|Ben.Mitra@test.com| -3.5|
+------------------+-----+

-------------------------------------------
Batch: 39
-------------------------------------------
+--------------------+-----+
|            customer|score|
+--------------------+-----+
|Chris.Davis@test.com| -7.0|
+--------------------+-----+

-------------------------------------------
Batch: 40
-------------------------------------------
+--------------------+-----+
|            customer|score|
+--------------------+-----+
|John.Habschied@te...| 11.5|
+--------------------+-----+

-------------------------------------------
Batch: 41
-------------------------------------------
+--------------------+-----+
|            customer|score|
+--------------------+-----+
|Jason.Phillips@te...| 11.5|
+--------------------+-----+

-------------------------------------------
Batch: 42
-------------------------------------------
+--------------------+-----+
|            customer|score|
+--------------------+-----+
|Jacob.Olson@test.com|-33.0|
+--------------------+-----+

-------------------------------------------
Batch: 43
-------------------------------------------
+--------------------+-----+
|            customer|score|
+--------------------+-----+
|Jacob.Jackson@tes...| 10.5|
+--------------------+-----+

-------------------------------------------
Batch: 44
-------------------------------------------
+--------------------+-----+
|            customer|score|
+--------------------+-----+
|Travis.Ahmed@test...|-49.0|
+--------------------+-----+

-------------------------------------------
Batch: 45
-------------------------------------------
+--------------------+-----+
|            customer|score|
+--------------------+-----+
|Christina.Mitra@t...| -3.5|
+--------------------+-----+

-------------------------------------------
Batch: 46
-------------------------------------------
+------------------+-----+
|          customer|score|
+------------------+-----+
|Jane.Huey@test.com| -3.0|
+------------------+-----+

-------------------------------------------
Batch: 47
-------------------------------------------
+--------------------+-----+
|            customer|score|
+--------------------+-----+
|Gail.Aristotle@te...| -2.0|
+--------------------+-----+

-------------------------------------------
Batch: 48
-------------------------------------------
+--------------------+-----+
|            customer|score|
+--------------------+-----+
|Gail.Habschied@te...| -4.0|
+--------------------+-----+

-------------------------------------------
Batch: 49
-------------------------------------------
+--------------------+-----+
|            customer|score|
+--------------------+-----+
|Angie.Doshi@test.com| -1.0|
+--------------------+-----+

-------------------------------------------
Batch: 50
-------------------------------------------
+------------------+-----+
|          customer|score|
+------------------+-----+
|Dan.Smith@test.com| -1.5|
+------------------+-----+

-------------------------------------------
Batch: 51
-------------------------------------------
+--------------------+-----+
|            customer|score|
+--------------------+-----+
|Danny.Spencer@tes...| -2.0|
+--------------------+-----+

-------------------------------------------
Batch: 52
-------------------------------------------
+--------------------+-----+
|            customer|score|
+--------------------+-----+
|Angie.Phillips@te...| -1.0|
+--------------------+-----+

-------------------------------------------
Batch: 53
-------------------------------------------
+--------------------+-----+
|            customer|score|
+--------------------+-----+
|Larry.Khatib@test...| -2.5|
+--------------------+-----+

