Spark Command: /usr/lib/jvm/java-8-openjdk-amd64/jre/bin/java -cp /opt/spark-2.3.4-bin-hadoop2.7/conf/:/opt/spark-2.3.4-bin-hadoop2.7/jars/* -Xmx1g org.apache.spark.deploy.worker.Worker --webui-port 8081 spark://0373dd260764:7077
========================================
2022-01-05 12:38:46 INFO  Worker:2612 - Started daemon with process name: 1693@0373dd260764
2022-01-05 12:38:46 INFO  SignalUtils:54 - Registered signal handler for TERM
2022-01-05 12:38:46 INFO  SignalUtils:54 - Registered signal handler for HUP
2022-01-05 12:38:46 INFO  SignalUtils:54 - Registered signal handler for INT
2022-01-05 12:38:48 WARN  NativeCodeLoader:62 - Unable to load native-hadoop library for your platform... using builtin-java classes where applicable
2022-01-05 12:38:48 INFO  SecurityManager:54 - Changing view acls to: root
2022-01-05 12:38:48 INFO  SecurityManager:54 - Changing modify acls to: root
2022-01-05 12:38:48 INFO  SecurityManager:54 - Changing view acls groups to: 
2022-01-05 12:38:48 INFO  SecurityManager:54 - Changing modify acls groups to: 
2022-01-05 12:38:48 INFO  SecurityManager:54 - SecurityManager: authentication disabled; ui acls disabled; users  with view permissions: Set(root); groups with view permissions: Set(); users  with modify permissions: Set(root); groups with modify permissions: Set()
2022-01-05 12:38:50 INFO  Utils:54 - Successfully started service 'sparkWorker' on port 44739.
2022-01-05 12:38:51 INFO  Worker:54 - Starting Spark worker 172.18.0.2:44739 with 2 cores, 6.3 GB RAM
2022-01-05 12:38:51 INFO  Worker:54 - Running Spark version 2.3.4
2022-01-05 12:38:51 INFO  Worker:54 - Spark home: /opt/spark-2.3.4-bin-hadoop2.7
2022-01-05 12:38:51 INFO  log:192 - Logging initialized @7397ms
2022-01-05 12:38:51 INFO  Server:351 - jetty-9.3.z-SNAPSHOT, build timestamp: unknown, git hash: unknown
2022-01-05 12:38:51 INFO  Server:419 - Started @7688ms
2022-01-05 12:38:51 WARN  Utils:66 - Service 'WorkerUI' could not bind on port 8081. Attempting port 8082.
2022-01-05 12:38:51 WARN  Utils:66 - Service 'WorkerUI' could not bind on port 8082. Attempting port 8083.
2022-01-05 12:38:51 WARN  Utils:66 - Service 'WorkerUI' could not bind on port 8083. Attempting port 8084.
2022-01-05 12:38:51 INFO  AbstractConnector:278 - Started ServerConnector@342408e6{HTTP/1.1,[http/1.1]}{0.0.0.0:8084}
2022-01-05 12:38:51 INFO  Utils:54 - Successfully started service 'WorkerUI' on port 8084.
2022-01-05 12:38:51 INFO  ContextHandler:781 - Started o.s.j.s.ServletContextHandler@65bc9a20{/logPage,null,AVAILABLE,@Spark}
2022-01-05 12:38:51 INFO  ContextHandler:781 - Started o.s.j.s.ServletContextHandler@1ab57e4f{/logPage/json,null,AVAILABLE,@Spark}
2022-01-05 12:38:51 INFO  ContextHandler:781 - Started o.s.j.s.ServletContextHandler@700a31d6{/,null,AVAILABLE,@Spark}
2022-01-05 12:38:51 INFO  ContextHandler:781 - Started o.s.j.s.ServletContextHandler@31e9d3af{/json,null,AVAILABLE,@Spark}
2022-01-05 12:38:51 INFO  ContextHandler:781 - Started o.s.j.s.ServletContextHandler@9f84db{/static,null,AVAILABLE,@Spark}
2022-01-05 12:38:51 INFO  ContextHandler:781 - Started o.s.j.s.ServletContextHandler@766d85dc{/log,null,AVAILABLE,@Spark}
2022-01-05 12:38:51 INFO  WorkerWebUI:54 - Bound WorkerWebUI to 0.0.0.0, and started at http://0373dd260764:8084
2022-01-05 12:38:51 INFO  Worker:54 - Connecting to master 0373dd260764:7077...
2022-01-05 12:38:52 INFO  ContextHandler:781 - Started o.s.j.s.ServletContextHandler@2d1e8596{/metrics/json,null,AVAILABLE,@Spark}
2022-01-05 12:38:52 INFO  TransportClientFactory:267 - Successfully created connection to 0373dd260764/172.18.0.2:7077 after 225 ms (0 ms spent in bootstraps)
2022-01-05 12:38:53 INFO  Worker:54 - Successfully registered with master spark://0373dd260764:7077
